<?xml version="1.0" encoding="UTF-8"?>
<robot generator="Robot 7.0 (Python 3.12.3 on win32)" generated="2024-06-25T20:52:06.051078" rpa="false" schemaversion="5">
<suite id="s1" name="Sample" source="C:\Users\Harsha Patil\PycharmProjects\RobotFramework\TestSuite\Sample.robot">
<test id="s1-t1" name="Logintest" line="2">
<kw name="Log To Console" owner="BuiltIn">
<arg>First script</arg>
<doc>Logs the given message to the console.</doc>
<status status="PASS" start="2024-06-25T20:52:06.129860" elapsed="0.000000"/>
</kw>
<status status="PASS" start="2024-06-25T20:52:06.129860" elapsed="0.000000"/>
</test>
<status status="PASS" start="2024-06-25T20:52:06.051078" elapsed="0.088412"/>
</suite>
<statistics>
<total>
<stat pass="1" fail="0" skip="0">All Tests</stat>
</total>
<tag>
</tag>
<suite>
<stat pass="1" fail="0" skip="0" id="s1" name="Sample">Sample</stat>
</suite>
</statistics>
<errors>
</errors>
</robot>
