<?xml version="1.0" encoding="UTF-8"?>
<robot generator="Robot 7.0 (Python 3.12.3 on win32)" generated="2024-05-28T09:49:12.583171" rpa="false" schemaversion="5">
<suite id="s1" name="Tabbedwindows" source="C:\Users\Harsha Patil\PycharmProjects\RobotFramework\Selenium\tabbedwindows.robot">
<test id="s1-t1" name="Verify screenshot" line="8">
<kw name="Open Browser" owner="SeleniumLibrary">
<msg time="2024-05-28T09:49:12.752447" level="INFO">Opening browser 'Chrome' to base url 'https://the-internet.herokuapp.com/windows'.</msg>
<arg>https://the-internet.herokuapp.com/windows</arg>
<arg>Chrome</arg>
<doc>Opens a new browser instance to the optional ``url``.</doc>
<status status="PASS" start="2024-05-28T09:49:12.752447" elapsed="5.149889"/>
</kw>
<kw name="Wait Until Element Is Visible" owner="SeleniumLibrary">
<arg>xpath://h3[normalize-space()='Opening a new window']</arg>
<arg>timeout=5</arg>
<doc>Waits until the element ``locator`` is visible.</doc>
<status status="PASS" start="2024-05-28T09:49:17.903344" elapsed="0.073983"/>
</kw>
<kw name="Click Element" owner="SeleniumLibrary">
<msg time="2024-05-28T09:49:17.977839" level="INFO">Clicking element 'xpath://a[normalize-space()='Click Here']'.</msg>
<arg>xpath://a[normalize-space()='Click Here']</arg>
<doc>Click the element identified by ``locator``.</doc>
<status status="PASS" start="2024-05-28T09:49:17.977839" elapsed="0.134592"/>
</kw>
<kw name="Sleep" owner="BuiltIn">
<msg time="2024-05-28T09:49:21.115102" level="INFO">Slept 3 seconds.</msg>
<arg>3s</arg>
<doc>Pauses the test executed for the given time.</doc>
<status status="PASS" start="2024-05-28T09:49:18.114478" elapsed="3.000624"/>
</kw>
<kw name="Switch Window" owner="SeleniumLibrary">
<arg>title:New Window</arg>
<doc>Switches to browser window matching ``locator``.</doc>
<status status="PASS" start="2024-05-28T09:49:21.115102" elapsed="0.116767"/>
</kw>
<kw name="Element Text Should Be" owner="SeleniumLibrary">
<msg time="2024-05-28T09:49:21.232901" level="INFO">Verifying element '//h3[normalize-space()='New Window']' contains exact text 'New Window'.</msg>
<arg>//h3[normalize-space()='New Window']</arg>
<arg>New Window</arg>
<doc>Verifies that element ``locator`` contains exact the text ``expected``.</doc>
<status status="PASS" start="2024-05-28T09:49:21.232901" elapsed="0.040391"/>
</kw>
<kw name="Sleep" owner="BuiltIn">
<msg time="2024-05-28T09:49:24.275075" level="INFO">Slept 3 seconds.</msg>
<arg>3s</arg>
<doc>Pauses the test executed for the given time.</doc>
<status status="PASS" start="2024-05-28T09:49:21.274435" elapsed="3.000640"/>
</kw>
<kw name="Close Browser" owner="SeleniumLibrary">
<doc>Closes the current browser.</doc>
<status status="PASS" start="2024-05-28T09:49:24.275696" elapsed="2.209335"/>
</kw>
<kw name="Switch Window" owner="SeleniumLibrary">
<msg time="2024-05-28T09:49:26.485389" level="INFO">Cannot capture screenshot because no browser is open.</msg>
<msg time="2024-05-28T09:49:26.485389" level="FAIL">No browser is open.</msg>
<arg>title:The Internet</arg>
<doc>Switches to browser window matching ``locator``.</doc>
<status status="FAIL" start="2024-05-28T09:49:26.485389" elapsed="0.008948">No browser is open.</status>
</kw>
<kw name="Wait Until Element Is Visible" owner="SeleniumLibrary">
<arg>xpath://h3[normalize-space()='Opening a new window']</arg>
<doc>Waits until the element ``locator`` is visible.</doc>
<status status="NOT RUN" start="2024-05-28T09:49:26.495355" elapsed="0.000000"/>
</kw>
<kw name="Sleep" owner="BuiltIn">
<arg>3s</arg>
<doc>Pauses the test executed for the given time.</doc>
<status status="NOT RUN" start="2024-05-28T09:49:26.495355" elapsed="0.000000"/>
</kw>
<kw name="Close Browser" owner="SeleniumLibrary">
<doc>Closes the current browser.</doc>
<status status="NOT RUN" start="2024-05-28T09:49:26.495355" elapsed="0.000000"/>
</kw>
<status status="FAIL" start="2024-05-28T09:49:12.750865" elapsed="13.745494">No browser is open.</status>
</test>
<status status="FAIL" start="2024-05-28T09:49:12.586234" elapsed="13.910125"/>
</suite>
<statistics>
<total>
<stat pass="0" fail="1" skip="0">All Tests</stat>
</total>
<tag>
</tag>
<suite>
<stat pass="0" fail="1" skip="0" id="s1" name="Tabbedwindows">Tabbedwindows</stat>
</suite>
</statistics>
<errors>
</errors>
</robot>
