<?xml version="1.0" encoding="UTF-8"?>
<robot generator="Robot 7.0 (Python 3.12.3 on win32)" generated="2024-05-28T17:04:24.349663" rpa="false" schemaversion="5">
<suite id="s1" name="Post" source="C:\Users\Harsha Patil\PycharmProjects\RobotFramework\API\Post.robot">
<test id="s1-t1" name="POST Register User" line="11">
<kw name="Create Session" owner="RequestsLibrary">
<msg time="2024-05-28T17:04:24.871958" level="INFO">Creating Session using : alias=registersession, url=https://demoqa.com, headers={},                     cookies={}, auth=None, timeout=None, proxies=None, verify=False,                     debug=0 </msg>
<arg>registersession</arg>
<arg>${base_url}</arg>
<doc>Create Session: create a HTTP session to a server</doc>
<status status="PASS" start="2024-05-28T17:04:24.871958" elapsed="0.000000"/>
</kw>
<kw name="Create Dictionary" owner="BuiltIn">
<msg time="2024-05-28T17:04:24.873722" level="INFO">${requestbody} = {'userName': 'Shiva Pratap', 'password': 'ShivaPratap@1'}</msg>
<var>${requestbody}</var>
<arg>userName=${user}</arg>
<arg>password=${pass}</arg>
<doc>Creates and returns a dictionary based on the given ``items``.</doc>
<status status="PASS" start="2024-05-28T17:04:24.873200" elapsed="0.000522"/>
</kw>
<kw name="Create Dictionary" owner="BuiltIn">
<msg time="2024-05-28T17:04:24.873722" level="INFO">${header} = {'Content-Type': 'application/json;charset=utf-8', 'Accept': '*/*'}</msg>
<var>${header}</var>
<arg>Content-Type=application/json;charset=utf-8</arg>
<arg>Accept=*/*</arg>
<doc>Creates and returns a dictionary based on the given ``items``.</doc>
<status status="PASS" start="2024-05-28T17:04:24.873722" elapsed="0.000000"/>
</kw>
<kw name="POST On Session" owner="RequestsLibrary">
<msg time="2024-05-28T17:04:25.382980" level="INFO">POST Request : url=https://demoqa.com/Account/v1/User 
 path_url=/Account/v1/User 
 headers={'User-Agent': 'python-requests/2.32.2', 'Accept-Encoding': 'gzip, deflate', 'Accept': '*/*', 'Connection': 'keep-alive', 'Content-Type': 'application/json;charset=utf-8', 'Content-Length': '46'} 
 body=userName=Shiva+Pratap&amp;password=ShivaPratap%401 
 </msg>
<msg time="2024-05-28T17:04:25.382980" level="INFO">POST Response : url=https://demoqa.com/Account/v1/User 
 status=502, reason=Bad Gateway 
 headers={'Server': 'nginx/1.17.10 (Ubuntu)', 'Date': 'Tue, 28 May 2024 11:34:25 GMT', 'Content-Type': 'text/html', 'Content-Length': '167', 'Connection': 'keep-alive'} 
 body=&lt;html&gt;
&lt;head&gt;&lt;title&gt;502 Bad Gateway&lt;/title&gt;&lt;/head&gt;
&lt;body&gt;
&lt;center&gt;&lt;h1&gt;502 Bad Gateway&lt;/h1&gt;&lt;/center&gt;
&lt;hr&gt;&lt;center&gt;nginx/1.17.10 (Ubuntu)&lt;/center&gt;
&lt;/body&gt;
&lt;/html&gt;
 
 </msg>
<msg time="2024-05-28T17:04:25.382980" level="INFO">C:\Users\Harsha Patil\PycharmProjects\RobotFramework\venv\Lib\site-packages\urllib3\connectionpool.py:1103: InsecureRequestWarning: Unverified HTTPS request is being made to host 'demoqa.com'. Adding certificate verification is strongly advised. See: https://urllib3.readthedocs.io/en/latest/advanced-usage.html#tls-warnings
  warnings.warn(</msg>
<msg time="2024-05-28T17:04:25.383863" level="FAIL">HTTPError: 502 Server Error: Bad Gateway for url: https://demoqa.com/Account/v1/User</msg>
<var>${response}</var>
<arg>registersession</arg>
<arg>/Account/v1/User</arg>
<arg>data=${requestbody}</arg>
<arg>headers=${header}</arg>
<doc>Sends a POST request on a previously created HTTP Session.</doc>
<status status="FAIL" start="2024-05-28T17:04:24.873722" elapsed="0.514834">HTTPError: 502 Server Error: Bad Gateway for url: https://demoqa.com/Account/v1/User</status>
</kw>
<kw name="Log To Console" owner="BuiltIn">
<arg>${response.status_code}</arg>
<doc>Logs the given message to the console.</doc>
<status status="NOT RUN" start="2024-05-28T17:04:25.390047" elapsed="0.000000"/>
</kw>
<kw name="Log To Console" owner="BuiltIn">
<arg>${response.content}</arg>
<doc>Logs the given message to the console.</doc>
<status status="NOT RUN" start="2024-05-28T17:04:25.390047" elapsed="0.000000"/>
</kw>
<kw name="Set Variable" owner="BuiltIn">
<var>${json}</var>
<arg>${response.json()}</arg>
<doc>Returns the given values which can then be assigned to a variables.</doc>
<status status="NOT RUN" start="2024-05-28T17:04:25.391090" elapsed="0.000000"/>
</kw>
<kw name="Should Be Equal As Integers" owner="BuiltIn">
<arg>${response.status_code}</arg>
<arg>201</arg>
<doc>Fails if objects are unequal after converting them to integers.</doc>
<status status="NOT RUN" start="2024-05-28T17:04:25.391090" elapsed="0.000000"/>
</kw>
<kw name="Dictionary Should Contain Key" owner="Collections">
<arg>${json}</arg>
<arg>userId</arg>
<arg>ignore_case=True</arg>
<doc>Fails if ``key`` is not found from ``dictionary``.</doc>
<status status="NOT RUN" start="2024-05-28T17:04:25.392197" elapsed="0.000000"/>
</kw>
<kw name="Get From Dictionary" owner="Collections">
<var>${userId}</var>
<arg>${json}</arg>
<arg>userId</arg>
<arg>default=None</arg>
<doc>Returns a value from the given ``dictionary`` based on the given ``key``.</doc>
<status status="NOT RUN" start="2024-05-28T17:04:25.392197" elapsed="0.000000"/>
</kw>
<kw name="Dictionary Should Contain Value" owner="Collections">
<arg>${json}</arg>
<arg>${user}</arg>
<doc>Fails if ``value`` is not found from ``dictionary``.</doc>
<status status="NOT RUN" start="2024-05-28T17:04:25.393704" elapsed="0.000000"/>
</kw>
<kw name="Dictionary Should Contain Item" owner="Collections">
<arg>${json}</arg>
<arg>username</arg>
<arg>${user}</arg>
<doc>An item of ``key`` / ``value`` must be found in a ``dictionary``.</doc>
<status status="NOT RUN" start="2024-05-28T17:04:25.393704" elapsed="0.000000"/>
</kw>
<kw name="Should Be Empty" owner="BuiltIn">
<arg>${json}[books]</arg>
<doc>Verifies that the given item is empty.</doc>
<status status="NOT RUN" start="2024-05-28T17:04:25.393704" elapsed="0.000000"/>
</kw>
<kw name="POST On Session" owner="RequestsLibrary">
<var>${auth_response}</var>
<arg>registersession</arg>
<arg>/Account/v1/Authorized</arg>
<arg>data=${requestbody}</arg>
<arg>headers=${header}</arg>
<doc>Sends a POST request on a previously created HTTP Session.</doc>
<status status="NOT RUN" start="2024-05-28T17:04:25.394722" elapsed="0.000000"/>
</kw>
<kw name="Log To Console" owner="BuiltIn">
<arg>${auth_response.content}</arg>
<doc>Logs the given message to the console.</doc>
<status status="NOT RUN" start="2024-05-28T17:04:25.394722" elapsed="0.000000"/>
</kw>
<kw name="Should Be Equal As Integers" owner="BuiltIn">
<arg>${auth_response.status_code}</arg>
<arg>200</arg>
<doc>Fails if objects are unequal after converting them to integers.</doc>
<status status="NOT RUN" start="2024-05-28T17:04:25.394722" elapsed="0.000000"/>
</kw>
<kw name="POST On Session" owner="RequestsLibrary">
<var>${token_response}</var>
<arg>registersession</arg>
<arg>/Account/v1/GenerateToken</arg>
<arg>data=${requestbody}</arg>
<arg>headers=${header}</arg>
<doc>Sends a POST request on a previously created HTTP Session.</doc>
<status status="NOT RUN" start="2024-05-28T17:04:25.394722" elapsed="0.000000"/>
</kw>
<kw name="Log To Console" owner="BuiltIn">
<arg>${token_response.content}</arg>
<doc>Logs the given message to the console.</doc>
<status status="NOT RUN" start="2024-05-28T17:04:25.394722" elapsed="0.000000"/>
</kw>
<kw name="Should Be Equal As Integers" owner="BuiltIn">
<arg>${token_response.status_code}</arg>
<arg>200</arg>
<doc>Fails if objects are unequal after converting them to integers.</doc>
<status status="NOT RUN" start="2024-05-28T17:04:25.395913" elapsed="0.000000"/>
</kw>
<status status="FAIL" start="2024-05-28T17:04:24.870612" elapsed="0.525301">HTTPError: 502 Server Error: Bad Gateway for url: https://demoqa.com/Account/v1/User</status>
</test>
<status status="FAIL" start="2024-05-28T17:04:24.353157" elapsed="1.043802"/>
</suite>
<statistics>
<total>
<stat pass="0" fail="1" skip="0">All Tests</stat>
</total>
<tag>
</tag>
<suite>
<stat pass="0" fail="1" skip="0" id="s1" name="Post">Post</stat>
</suite>
</statistics>
<errors>
</errors>
</robot>
